#! /usr/bin/vvp
:ivl_version "10.1 (stable)";
:ivl_delay_selection "TYPICAL";
:vpi_time_precision + 0;
:vpi_module "system";
:vpi_module "vhdl_sys";
:vpi_module "v2005_math";
:vpi_module "va_math";
S_0x55a63235bc20 .scope module, "top" "top" 2 1;
 .timescale 0 0;
v0x55a63237c800_0 .var "A", 31 0;
v0x55a63237c8e0_0 .net "ALUOut", 31 0, v0x55a63237c3b0_0;  1 drivers
v0x55a63237c9b0_0 .net "AluCtl_wire", 6 0, v0x55a63235bfc0_0;  1 drivers
v0x55a63237cad0_0 .var "B", 31 0;
v0x55a63237cb70_0 .net "Branch_Enable", 0 0, v0x55a63237c650_0;  1 drivers
v0x55a63237cc60_0 .var "FuncCode", 3 0;
v0x55a63237cd30_0 .var "Opcode", 6 0;
v0x55a63237ce00_0 .var "clk", 0 0;
S_0x55a63235bda0 .scope module, "aluCtrl_inst" "ALUControl" 2 15, 3 2 0, S_0x55a63235bc20;
 .timescale 0 0;
    .port_info 0 /INPUT 4 "FuncCode"
    .port_info 1 /OUTPUT 7 "ALUCtl"
    .port_info 2 /INPUT 7 "Opcode"
v0x55a63235bfc0_0 .var "ALUCtl", 6 0;
v0x55a63237bdc0_0 .net "FuncCode", 3 0, v0x55a63237cc60_0;  1 drivers
v0x55a63237bea0_0 .net "Opcode", 6 0, v0x55a63237cd30_0;  1 drivers
E_0x55a632331a60 .event edge, v0x55a63237bea0_0, v0x55a63237bdc0_0;
S_0x55a63237bfe0 .scope module, "alu_inst" "alu" 2 21, 4 2 0, S_0x55a63235bc20;
 .timescale 0 0;
    .port_info 0 /INPUT 7 "ALUctl"
    .port_info 1 /INPUT 32 "A"
    .port_info 2 /INPUT 32 "B"
    .port_info 3 /OUTPUT 32 "ALUOut"
    .port_info 4 /OUTPUT 1 "Branch_Enable"
v0x55a63237c2b0_0 .net "A", 31 0, v0x55a63237c800_0;  1 drivers
v0x55a63237c3b0_0 .var "ALUOut", 31 0;
v0x55a63237c490_0 .net "ALUctl", 6 0, v0x55a63235bfc0_0;  alias, 1 drivers
v0x55a63237c590_0 .net "B", 31 0, v0x55a63237cad0_0;  1 drivers
v0x55a63237c650_0 .var "Branch_Enable", 0 0;
E_0x55a632331e20 .event edge, v0x55a63237c590_0, v0x55a63237c2b0_0, v0x55a63237c3b0_0, v0x55a63235bfc0_0;
E_0x55a632339600 .event edge, v0x55a63237c590_0, v0x55a63237c2b0_0, v0x55a63235bfc0_0;
    .scope S_0x55a63235bda0;
T_0 ;
    %pushi/vec4 0, 0, 7;
    %store/vec4 v0x55a63235bfc0_0, 0, 7;
    %end;
    .thread T_0;
    .scope S_0x55a63235bda0;
T_1 ;
    %wait E_0x55a632331a60;
    %load/vec4 v0x55a63237bea0_0;
    %dup/vec4;
    %pushi/vec4 55, 0, 7;
    %cmp/u;
    %jmp/1 T_1.0, 6;
    %dup/vec4;
    %pushi/vec4 23, 0, 7;
    %cmp/u;
    %jmp/1 T_1.1, 6;
    %dup/vec4;
    %pushi/vec4 111, 0, 7;
    %cmp/u;
    %jmp/1 T_1.2, 6;
    %dup/vec4;
    %pushi/vec4 103, 0, 7;
    %cmp/u;
    %jmp/1 T_1.3, 6;
    %dup/vec4;
    %pushi/vec4 99, 0, 7;
    %cmp/u;
    %jmp/1 T_1.4, 6;
    %dup/vec4;
    %pushi/vec4 3, 0, 7;
    %cmp/u;
    %jmp/1 T_1.5, 6;
    %dup/vec4;
    %pushi/vec4 35, 0, 7;
    %cmp/u;
    %jmp/1 T_1.6, 6;
    %dup/vec4;
    %pushi/vec4 19, 0, 7;
    %cmp/u;
    %jmp/1 T_1.7, 6;
    %dup/vec4;
    %pushi/vec4 51, 0, 7;
    %cmp/u;
    %jmp/1 T_1.8, 6;
    %dup/vec4;
    %pushi/vec4 115, 0, 7;
    %cmp/u;
    %jmp/1 T_1.9, 6;
    %pushi/vec4 15, 0, 7;
    %assign/vec4 v0x55a63235bfc0_0, 0;
    %jmp T_1.11;
T_1.0 ;
    %pushi/vec4 2, 0, 7;
    %assign/vec4 v0x55a63235bfc0_0, 0;
    %jmp T_1.11;
T_1.1 ;
    %pushi/vec4 2, 0, 7;
    %assign/vec4 v0x55a63235bfc0_0, 0;
    %jmp T_1.11;
T_1.2 ;
    %pushi/vec4 15, 0, 7;
    %assign/vec4 v0x55a63235bfc0_0, 0;
    %jmp T_1.11;
T_1.3 ;
    %pushi/vec4 15, 0, 7;
    %assign/vec4 v0x55a63235bfc0_0, 0;
    %jmp T_1.11;
T_1.4 ;
    %load/vec4 v0x55a63237bdc0_0;
    %parti/s 3, 0, 2;
    %dup/vec4;
    %pushi/vec4 0, 0, 3;
    %cmp/u;
    %jmp/1 T_1.12, 6;
    %dup/vec4;
    %pushi/vec4 1, 0, 3;
    %cmp/u;
    %jmp/1 T_1.13, 6;
    %dup/vec4;
    %pushi/vec4 4, 0, 3;
    %cmp/u;
    %jmp/1 T_1.14, 6;
    %dup/vec4;
    %pushi/vec4 5, 0, 3;
    %cmp/u;
    %jmp/1 T_1.15, 6;
    %dup/vec4;
    %pushi/vec4 6, 0, 3;
    %cmp/u;
    %jmp/1 T_1.16, 6;
    %dup/vec4;
    %pushi/vec4 7, 0, 3;
    %cmp/u;
    %jmp/1 T_1.17, 6;
    %pushi/vec4 15, 0, 7;
    %assign/vec4 v0x55a63235bfc0_0, 0;
    %jmp T_1.19;
T_1.12 ;
    %pushi/vec4 22, 0, 7;
    %assign/vec4 v0x55a63235bfc0_0, 0;
    %jmp T_1.19;
T_1.13 ;
    %pushi/vec4 38, 0, 7;
    %assign/vec4 v0x55a63235bfc0_0, 0;
    %jmp T_1.19;
T_1.14 ;
    %pushi/vec4 54, 0, 7;
    %assign/vec4 v0x55a63235bfc0_0, 0;
    %jmp T_1.19;
T_1.15 ;
    %pushi/vec4 70, 0, 7;
    %assign/vec4 v0x55a63235bfc0_0, 0;
    %jmp T_1.19;
T_1.16 ;
    %pushi/vec4 86, 0, 7;
    %assign/vec4 v0x55a63235bfc0_0, 0;
    %jmp T_1.19;
T_1.17 ;
    %pushi/vec4 102, 0, 7;
    %assign/vec4 v0x55a63235bfc0_0, 0;
    %jmp T_1.19;
T_1.19 ;
    %pop/vec4 1;
    %jmp T_1.11;
T_1.5 ;
    %load/vec4 v0x55a63237bdc0_0;
    %parti/s 3, 0, 2;
    %dup/vec4;
    %pushi/vec4 0, 0, 3;
    %cmp/u;
    %jmp/1 T_1.20, 6;
    %dup/vec4;
    %pushi/vec4 1, 0, 3;
    %cmp/u;
    %jmp/1 T_1.21, 6;
    %dup/vec4;
    %pushi/vec4 2, 0, 3;
    %cmp/u;
    %jmp/1 T_1.22, 6;
    %dup/vec4;
    %pushi/vec4 4, 0, 3;
    %cmp/u;
    %jmp/1 T_1.23, 6;
    %dup/vec4;
    %pushi/vec4 5, 0, 3;
    %cmp/u;
    %jmp/1 T_1.24, 6;
    %pushi/vec4 15, 0, 7;
    %assign/vec4 v0x55a63235bfc0_0, 0;
    %jmp T_1.26;
T_1.20 ;
    %pushi/vec4 2, 0, 7;
    %assign/vec4 v0x55a63235bfc0_0, 0;
    %jmp T_1.26;
T_1.21 ;
    %pushi/vec4 2, 0, 7;
    %assign/vec4 v0x55a63235bfc0_0, 0;
    %jmp T_1.26;
T_1.22 ;
    %pushi/vec4 2, 0, 7;
    %assign/vec4 v0x55a63235bfc0_0, 0;
    %jmp T_1.26;
T_1.23 ;
    %pushi/vec4 2, 0, 7;
    %assign/vec4 v0x55a63235bfc0_0, 0;
    %jmp T_1.26;
T_1.24 ;
    %pushi/vec4 2, 0, 7;
    %assign/vec4 v0x55a63235bfc0_0, 0;
    %jmp T_1.26;
T_1.26 ;
    %pop/vec4 1;
    %jmp T_1.11;
T_1.6 ;
    %load/vec4 v0x55a63237bdc0_0;
    %parti/s 3, 0, 2;
    %dup/vec4;
    %pushi/vec4 0, 0, 3;
    %cmp/u;
    %jmp/1 T_1.27, 6;
    %dup/vec4;
    %pushi/vec4 1, 0, 3;
    %cmp/u;
    %jmp/1 T_1.28, 6;
    %dup/vec4;
    %pushi/vec4 2, 0, 3;
    %cmp/u;
    %jmp/1 T_1.29, 6;
    %pushi/vec4 15, 0, 7;
    %assign/vec4 v0x55a63235bfc0_0, 0;
    %jmp T_1.31;
T_1.27 ;
    %pushi/vec4 2, 0, 7;
    %assign/vec4 v0x55a63235bfc0_0, 0;
    %jmp T_1.31;
T_1.28 ;
    %pushi/vec4 2, 0, 7;
    %assign/vec4 v0x55a63235bfc0_0, 0;
    %jmp T_1.31;
T_1.29 ;
    %pushi/vec4 2, 0, 7;
    %assign/vec4 v0x55a63235bfc0_0, 0;
    %jmp T_1.31;
T_1.31 ;
    %pop/vec4 1;
    %jmp T_1.11;
T_1.7 ;
    %load/vec4 v0x55a63237bdc0_0;
    %parti/s 3, 0, 2;
    %dup/vec4;
    %pushi/vec4 0, 0, 3;
    %cmp/u;
    %jmp/1 T_1.32, 6;
    %dup/vec4;
    %pushi/vec4 2, 0, 3;
    %cmp/u;
    %jmp/1 T_1.33, 6;
    %dup/vec4;
    %pushi/vec4 3, 0, 3;
    %cmp/u;
    %jmp/1 T_1.34, 6;
    %dup/vec4;
    %pushi/vec4 4, 0, 3;
    %cmp/u;
    %jmp/1 T_1.35, 6;
    %dup/vec4;
    %pushi/vec4 6, 0, 3;
    %cmp/u;
    %jmp/1 T_1.36, 6;
    %dup/vec4;
    %pushi/vec4 7, 0, 3;
    %cmp/u;
    %jmp/1 T_1.37, 6;
    %dup/vec4;
    %pushi/vec4 1, 0, 3;
    %cmp/u;
    %jmp/1 T_1.38, 6;
    %dup/vec4;
    %pushi/vec4 5, 0, 3;
    %cmp/u;
    %jmp/1 T_1.39, 6;
    %pushi/vec4 15, 0, 7;
    %assign/vec4 v0x55a63235bfc0_0, 0;
    %jmp T_1.41;
T_1.32 ;
    %pushi/vec4 2, 0, 7;
    %assign/vec4 v0x55a63235bfc0_0, 0;
    %jmp T_1.41;
T_1.33 ;
    %pushi/vec4 7, 0, 7;
    %assign/vec4 v0x55a63235bfc0_0, 0;
    %jmp T_1.41;
T_1.34 ;
    %pushi/vec4 7, 0, 7;
    %assign/vec4 v0x55a63235bfc0_0, 0;
    %jmp T_1.41;
T_1.35 ;
    %pushi/vec4 8, 0, 7;
    %assign/vec4 v0x55a63235bfc0_0, 0;
    %jmp T_1.41;
T_1.36 ;
    %pushi/vec4 1, 0, 7;
    %assign/vec4 v0x55a63235bfc0_0, 0;
    %jmp T_1.41;
T_1.37 ;
    %pushi/vec4 0, 0, 7;
    %assign/vec4 v0x55a63235bfc0_0, 0;
    %jmp T_1.41;
T_1.38 ;
    %pushi/vec4 5, 0, 7;
    %assign/vec4 v0x55a63235bfc0_0, 0;
    %jmp T_1.41;
T_1.39 ;
    %load/vec4 v0x55a63237bdc0_0;
    %parti/s 1, 3, 3;
    %dup/vec4;
    %pushi/vec4 0, 0, 1;
    %cmp/u;
    %jmp/1 T_1.42, 6;
    %dup/vec4;
    %pushi/vec4 1, 0, 1;
    %cmp/u;
    %jmp/1 T_1.43, 6;
    %pushi/vec4 15, 0, 7;
    %assign/vec4 v0x55a63235bfc0_0, 0;
    %jmp T_1.45;
T_1.42 ;
    %pushi/vec4 3, 0, 7;
    %assign/vec4 v0x55a63235bfc0_0, 0;
    %jmp T_1.45;
T_1.43 ;
    %pushi/vec4 4, 0, 7;
    %assign/vec4 v0x55a63235bfc0_0, 0;
    %jmp T_1.45;
T_1.45 ;
    %pop/vec4 1;
    %jmp T_1.41;
T_1.41 ;
    %pop/vec4 1;
    %jmp T_1.11;
T_1.8 ;
    %load/vec4 v0x55a63237bdc0_0;
    %parti/s 3, 0, 2;
    %dup/vec4;
    %pushi/vec4 0, 0, 3;
    %cmp/u;
    %jmp/1 T_1.46, 6;
    %dup/vec4;
    %pushi/vec4 1, 0, 3;
    %cmp/u;
    %jmp/1 T_1.47, 6;
    %dup/vec4;
    %pushi/vec4 2, 0, 3;
    %cmp/u;
    %jmp/1 T_1.48, 6;
    %dup/vec4;
    %pushi/vec4 3, 0, 3;
    %cmp/u;
    %jmp/1 T_1.49, 6;
    %dup/vec4;
    %pushi/vec4 4, 0, 3;
    %cmp/u;
    %jmp/1 T_1.50, 6;
    %dup/vec4;
    %pushi/vec4 5, 0, 3;
    %cmp/u;
    %jmp/1 T_1.51, 6;
    %dup/vec4;
    %pushi/vec4 6, 0, 3;
    %cmp/u;
    %jmp/1 T_1.52, 6;
    %dup/vec4;
    %pushi/vec4 7, 0, 3;
    %cmp/u;
    %jmp/1 T_1.53, 6;
    %pushi/vec4 15, 0, 7;
    %assign/vec4 v0x55a63235bfc0_0, 0;
    %jmp T_1.55;
T_1.46 ;
    %load/vec4 v0x55a63237bdc0_0;
    %parti/s 1, 3, 3;
    %dup/vec4;
    %pushi/vec4 0, 0, 1;
    %cmp/u;
    %jmp/1 T_1.56, 6;
    %dup/vec4;
    %pushi/vec4 1, 0, 1;
    %cmp/u;
    %jmp/1 T_1.57, 6;
    %pushi/vec4 15, 0, 7;
    %assign/vec4 v0x55a63235bfc0_0, 0;
    %jmp T_1.59;
T_1.56 ;
    %pushi/vec4 2, 0, 7;
    %assign/vec4 v0x55a63235bfc0_0, 0;
    %jmp T_1.59;
T_1.57 ;
    %pushi/vec4 6, 0, 7;
    %assign/vec4 v0x55a63235bfc0_0, 0;
    %jmp T_1.59;
T_1.59 ;
    %pop/vec4 1;
    %jmp T_1.55;
T_1.47 ;
    %pushi/vec4 5, 0, 7;
    %assign/vec4 v0x55a63235bfc0_0, 0;
    %jmp T_1.55;
T_1.48 ;
    %pushi/vec4 7, 0, 7;
    %assign/vec4 v0x55a63235bfc0_0, 0;
    %jmp T_1.55;
T_1.49 ;
    %pushi/vec4 7, 0, 7;
    %assign/vec4 v0x55a63235bfc0_0, 0;
    %jmp T_1.55;
T_1.50 ;
    %pushi/vec4 8, 0, 7;
    %assign/vec4 v0x55a63235bfc0_0, 0;
    %jmp T_1.55;
T_1.51 ;
    %load/vec4 v0x55a63237bdc0_0;
    %parti/s 1, 3, 3;
    %dup/vec4;
    %pushi/vec4 0, 0, 1;
    %cmp/u;
    %jmp/1 T_1.60, 6;
    %dup/vec4;
    %pushi/vec4 1, 0, 1;
    %cmp/u;
    %jmp/1 T_1.61, 6;
    %pushi/vec4 15, 0, 7;
    %assign/vec4 v0x55a63235bfc0_0, 0;
    %jmp T_1.63;
T_1.60 ;
    %pushi/vec4 3, 0, 7;
    %assign/vec4 v0x55a63235bfc0_0, 0;
    %jmp T_1.63;
T_1.61 ;
    %pushi/vec4 4, 0, 7;
    %assign/vec4 v0x55a63235bfc0_0, 0;
    %jmp T_1.63;
T_1.63 ;
    %pop/vec4 1;
    %jmp T_1.55;
T_1.52 ;
    %pushi/vec4 1, 0, 7;
    %assign/vec4 v0x55a63235bfc0_0, 0;
    %jmp T_1.55;
T_1.53 ;
    %pushi/vec4 0, 0, 7;
    %assign/vec4 v0x55a63235bfc0_0, 0;
    %jmp T_1.55;
T_1.55 ;
    %pop/vec4 1;
    %jmp T_1.11;
T_1.9 ;
    %load/vec4 v0x55a63237bdc0_0;
    %parti/s 2, 0, 2;
    %dup/vec4;
    %pushi/vec4 1, 0, 2;
    %cmp/u;
    %jmp/1 T_1.64, 6;
    %dup/vec4;
    %pushi/vec4 2, 0, 2;
    %cmp/u;
    %jmp/1 T_1.65, 6;
    %dup/vec4;
    %pushi/vec4 3, 0, 2;
    %cmp/u;
    %jmp/1 T_1.66, 6;
    %pushi/vec4 15, 0, 7;
    %assign/vec4 v0x55a63235bfc0_0, 0;
    %jmp T_1.68;
T_1.64 ;
    %pushi/vec4 9, 0, 7;
    %assign/vec4 v0x55a63235bfc0_0, 0;
    %jmp T_1.68;
T_1.65 ;
    %pushi/vec4 10, 0, 7;
    %assign/vec4 v0x55a63235bfc0_0, 0;
    %jmp T_1.68;
T_1.66 ;
    %pushi/vec4 11, 0, 7;
    %assign/vec4 v0x55a63235bfc0_0, 0;
    %jmp T_1.68;
T_1.68 ;
    %pop/vec4 1;
    %jmp T_1.11;
T_1.11 ;
    %pop/vec4 1;
    %jmp T_1;
    .thread T_1, $push;
    .scope S_0x55a63237bfe0;
T_2 ;
    %pushi/vec4 0, 0, 32;
    %store/vec4 v0x55a63237c3b0_0, 0, 32;
    %pushi/vec4 0, 0, 1;
    %store/vec4 v0x55a63237c650_0, 0, 1;
    %end;
    .thread T_2;
    .scope S_0x55a63237bfe0;
T_3 ;
    %wait E_0x55a632339600;
    %load/vec4 v0x55a63237c490_0;
    %parti/s 4, 0, 2;
    %dup/vec4;
    %pushi/vec4 0, 0, 4;
    %cmp/u;
    %jmp/1 T_3.0, 6;
    %dup/vec4;
    %pushi/vec4 1, 0, 4;
    %cmp/u;
    %jmp/1 T_3.1, 6;
    %dup/vec4;
    %pushi/vec4 2, 0, 4;
    %cmp/u;
    %jmp/1 T_3.2, 6;
    %dup/vec4;
    %pushi/vec4 6, 0, 4;
    %cmp/u;
    %jmp/1 T_3.3, 6;
    %dup/vec4;
    %pushi/vec4 7, 0, 4;
    %cmp/u;
    %jmp/1 T_3.4, 6;
    %dup/vec4;
    %pushi/vec4 3, 0, 4;
    %cmp/u;
    %jmp/1 T_3.5, 6;
    %dup/vec4;
    %pushi/vec4 4, 0, 4;
    %cmp/u;
    %jmp/1 T_3.6, 6;
    %dup/vec4;
    %pushi/vec4 5, 0, 4;
    %cmp/u;
    %jmp/1 T_3.7, 6;
    %dup/vec4;
    %pushi/vec4 8, 0, 4;
    %cmp/u;
    %jmp/1 T_3.8, 6;
    %dup/vec4;
    %pushi/vec4 9, 0, 4;
    %cmp/u;
    %jmp/1 T_3.9, 6;
    %dup/vec4;
    %pushi/vec4 10, 0, 4;
    %cmp/u;
    %jmp/1 T_3.10, 6;
    %dup/vec4;
    %pushi/vec4 11, 0, 4;
    %cmp/u;
    %jmp/1 T_3.11, 6;
    %pushi/vec4 0, 0, 32;
    %assign/vec4 v0x55a63237c3b0_0, 0;
    %jmp T_3.13;
T_3.0 ;
    %load/vec4 v0x55a63237c2b0_0;
    %load/vec4 v0x55a63237c590_0;
    %and;
    %assign/vec4 v0x55a63237c3b0_0, 0;
    %jmp T_3.13;
T_3.1 ;
    %load/vec4 v0x55a63237c2b0_0;
    %load/vec4 v0x55a63237c590_0;
    %or;
    %assign/vec4 v0x55a63237c3b0_0, 0;
    %jmp T_3.13;
T_3.2 ;
    %load/vec4 v0x55a63237c2b0_0;
    %load/vec4 v0x55a63237c590_0;
    %add;
    %assign/vec4 v0x55a63237c3b0_0, 0;
    %jmp T_3.13;
T_3.3 ;
    %load/vec4 v0x55a63237c2b0_0;
    %load/vec4 v0x55a63237c590_0;
    %sub;
    %assign/vec4 v0x55a63237c3b0_0, 0;
    %jmp T_3.13;
T_3.4 ;
    %load/vec4 v0x55a63237c2b0_0;
    %load/vec4 v0x55a63237c590_0;
    %cmp/s;
    %flag_mov 8, 5;
    %jmp/0 T_3.14, 8;
    %pushi/vec4 1, 0, 32;
    %jmp/1 T_3.15, 8;
T_3.14 ; End of true expr.
    %pushi/vec4 0, 0, 32;
    %jmp/0 T_3.15, 8;
 ; End of false expr.
    %blend;
T_3.15;
    %assign/vec4 v0x55a63237c3b0_0, 0;
    %jmp T_3.13;
T_3.5 ;
    %load/vec4 v0x55a63237c2b0_0;
    %load/vec4 v0x55a63237c590_0;
    %parti/s 5, 0, 2;
    %ix/vec4 4;
    %shiftr 4;
    %assign/vec4 v0x55a63237c3b0_0, 0;
    %jmp T_3.13;
T_3.6 ;
    %load/vec4 v0x55a63237c2b0_0;
    %load/vec4 v0x55a63237c590_0;
    %parti/s 5, 0, 2;
    %ix/vec4 4;
    %shiftr 4;
    %assign/vec4 v0x55a63237c3b0_0, 0;
    %jmp T_3.13;
T_3.7 ;
    %load/vec4 v0x55a63237c2b0_0;
    %load/vec4 v0x55a63237c590_0;
    %parti/s 5, 0, 2;
    %ix/vec4 4;
    %shiftl 4;
    %assign/vec4 v0x55a63237c3b0_0, 0;
    %jmp T_3.13;
T_3.8 ;
    %load/vec4 v0x55a63237c2b0_0;
    %load/vec4 v0x55a63237c590_0;
    %xor;
    %assign/vec4 v0x55a63237c3b0_0, 0;
    %jmp T_3.13;
T_3.9 ;
    %load/vec4 v0x55a63237c2b0_0;
    %assign/vec4 v0x55a63237c3b0_0, 0;
    %jmp T_3.13;
T_3.10 ;
    %load/vec4 v0x55a63237c2b0_0;
    %load/vec4 v0x55a63237c590_0;
    %or;
    %assign/vec4 v0x55a63237c3b0_0, 0;
    %jmp T_3.13;
T_3.11 ;
    %load/vec4 v0x55a63237c2b0_0;
    %inv;
    %load/vec4 v0x55a63237c590_0;
    %and;
    %assign/vec4 v0x55a63237c3b0_0, 0;
    %jmp T_3.13;
T_3.13 ;
    %pop/vec4 1;
    %jmp T_3;
    .thread T_3, $push;
    .scope S_0x55a63237bfe0;
T_4 ;
    %wait E_0x55a632331e20;
    %load/vec4 v0x55a63237c490_0;
    %parti/s 3, 4, 4;
    %dup/vec4;
    %pushi/vec4 1, 0, 3;
    %cmp/u;
    %jmp/1 T_4.0, 6;
    %dup/vec4;
    %pushi/vec4 2, 0, 3;
    %cmp/u;
    %jmp/1 T_4.1, 6;
    %dup/vec4;
    %pushi/vec4 3, 0, 3;
    %cmp/u;
    %jmp/1 T_4.2, 6;
    %dup/vec4;
    %pushi/vec4 4, 0, 3;
    %cmp/u;
    %jmp/1 T_4.3, 6;
    %dup/vec4;
    %pushi/vec4 5, 0, 3;
    %cmp/u;
    %jmp/1 T_4.4, 6;
    %dup/vec4;
    %pushi/vec4 6, 0, 3;
    %cmp/u;
    %jmp/1 T_4.5, 6;
    %pushi/vec4 0, 0, 1;
    %assign/vec4 v0x55a63237c650_0, 0;
    %jmp T_4.7;
T_4.0 ;
    %load/vec4 v0x55a63237c3b0_0;
    %pushi/vec4 0, 0, 32;
    %cmp/e;
    %flag_get/vec4 4;
    %assign/vec4 v0x55a63237c650_0, 0;
    %jmp T_4.7;
T_4.1 ;
    %load/vec4 v0x55a63237c3b0_0;
    %pushi/vec4 0, 0, 32;
    %cmp/e;
    %flag_get/vec4 4;
    %nor/r;
    %assign/vec4 v0x55a63237c650_0, 0;
    %jmp T_4.7;
T_4.2 ;
    %load/vec4 v0x55a63237c2b0_0;
    %load/vec4 v0x55a63237c590_0;
    %cmp/s;
    %flag_get/vec4 5;
    %assign/vec4 v0x55a63237c650_0, 0;
    %jmp T_4.7;
T_4.3 ;
    %load/vec4 v0x55a63237c590_0;
    %load/vec4 v0x55a63237c2b0_0;
    %cmp/s;
    %flag_get/vec4 4;
    %flag_get/vec4 5;
    %or;
    %assign/vec4 v0x55a63237c650_0, 0;
    %jmp T_4.7;
T_4.4 ;
    %load/vec4 v0x55a63237c2b0_0;
    %load/vec4 v0x55a63237c590_0;
    %cmp/u;
    %flag_get/vec4 5;
    %assign/vec4 v0x55a63237c650_0, 0;
    %jmp T_4.7;
T_4.5 ;
    %load/vec4 v0x55a63237c590_0;
    %load/vec4 v0x55a63237c2b0_0;
    %cmp/u;
    %flag_get/vec4 4;
    %flag_get/vec4 5;
    %or;
    %assign/vec4 v0x55a63237c650_0, 0;
    %jmp T_4.7;
T_4.7 ;
    %pop/vec4 1;
    %jmp T_4;
    .thread T_4, $push;
    .scope S_0x55a63235bc20;
T_5 ;
    %pushi/vec4 0, 0, 1;
    %store/vec4 v0x55a63237ce00_0, 0, 1;
    %end;
    .thread T_5;
    .scope S_0x55a63235bc20;
T_6 ;
    %delay 1, 0;
    %load/vec4 v0x55a63237ce00_0;
    %inv;
    %store/vec4 v0x55a63237ce00_0, 0, 1;
    %jmp T_6;
    .thread T_6;
    .scope S_0x55a63235bc20;
T_7 ;
    %vpi_call 2 34 "$dumpfile", "adder.vcd" {0 0 0};
    %vpi_call 2 35 "$dumpvars" {0 0 0};
    %pushi/vec4 0, 0, 32;
    %store/vec4 v0x55a63237c800_0, 0, 32;
    %pushi/vec4 0, 0, 32;
    %store/vec4 v0x55a63237cad0_0, 0, 32;
    %pushi/vec4 0, 0, 4;
    %store/vec4 v0x55a63237cc60_0, 0, 4;
    %pushi/vec4 0, 0, 7;
    %store/vec4 v0x55a63237cd30_0, 0, 7;
    %delay 5, 0;
    %pushi/vec4 15, 0, 32;
    %store/vec4 v0x55a63237c800_0, 0, 32;
    %pushi/vec4 85, 0, 32;
    %store/vec4 v0x55a63237cad0_0, 0, 32;
    %pushi/vec4 7, 0, 4;
    %store/vec4 v0x55a63237cc60_0, 0, 4;
    %pushi/vec4 51, 0, 7;
    %store/vec4 v0x55a63237cd30_0, 0, 7;
    %delay 5, 0;
    %pushi/vec4 15, 0, 32;
    %store/vec4 v0x55a63237c800_0, 0, 32;
    %pushi/vec4 85, 0, 32;
    %store/vec4 v0x55a63237cad0_0, 0, 32;
    %pushi/vec4 6, 0, 4;
    %store/vec4 v0x55a63237cc60_0, 0, 4;
    %pushi/vec4 51, 0, 7;
    %store/vec4 v0x55a63237cd30_0, 0, 7;
    %delay 5, 0;
    %pushi/vec4 10000, 0, 32;
    %store/vec4 v0x55a63237c800_0, 0, 32;
    %pushi/vec4 111, 0, 32;
    %store/vec4 v0x55a63237cad0_0, 0, 32;
    %pushi/vec4 0, 0, 4;
    %store/vec4 v0x55a63237cc60_0, 0, 4;
    %pushi/vec4 51, 0, 7;
    %store/vec4 v0x55a63237cd30_0, 0, 7;
    %delay 5, 0;
    %pushi/vec4 10000, 0, 32;
    %store/vec4 v0x55a63237c800_0, 0, 32;
    %pushi/vec4 111, 0, 32;
    %store/vec4 v0x55a63237cad0_0, 0, 32;
    %pushi/vec4 8, 0, 4;
    %store/vec4 v0x55a63237cc60_0, 0, 4;
    %pushi/vec4 51, 0, 7;
    %store/vec4 v0x55a63237cd30_0, 0, 7;
    %delay 5, 0;
    %pushi/vec4 0, 0, 32;
    %store/vec4 v0x55a63237c800_0, 0, 32;
    %pushi/vec4 2, 0, 32;
    %store/vec4 v0x55a63237cad0_0, 0, 32;
    %pushi/vec4 2, 0, 4;
    %store/vec4 v0x55a63237cc60_0, 0, 4;
    %pushi/vec4 51, 0, 7;
    %store/vec4 v0x55a63237cd30_0, 0, 7;
    %delay 5, 0;
    %pushi/vec4 16, 0, 32;
    %store/vec4 v0x55a63237c800_0, 0, 32;
    %pushi/vec4 2, 0, 32;
    %store/vec4 v0x55a63237cad0_0, 0, 32;
    %pushi/vec4 5, 0, 4;
    %store/vec4 v0x55a63237cc60_0, 0, 4;
    %pushi/vec4 51, 0, 7;
    %store/vec4 v0x55a63237cd30_0, 0, 7;
    %delay 5, 0;
    %pushi/vec4 8, 0, 32;
    %store/vec4 v0x55a63237c800_0, 0, 32;
    %pushi/vec4 1, 0, 32;
    %store/vec4 v0x55a63237cad0_0, 0, 32;
    %pushi/vec4 13, 0, 4;
    %store/vec4 v0x55a63237cc60_0, 0, 4;
    %pushi/vec4 51, 0, 7;
    %store/vec4 v0x55a63237cd30_0, 0, 7;
    %delay 5, 0;
    %pushi/vec4 2, 0, 32;
    %store/vec4 v0x55a63237c800_0, 0, 32;
    %pushi/vec4 2, 0, 32;
    %store/vec4 v0x55a63237cad0_0, 0, 32;
    %pushi/vec4 1, 0, 4;
    %store/vec4 v0x55a63237cc60_0, 0, 4;
    %pushi/vec4 51, 0, 7;
    %store/vec4 v0x55a63237cd30_0, 0, 7;
    %delay 5, 0;
    %pushi/vec4 85, 0, 32;
    %store/vec4 v0x55a63237c800_0, 0, 32;
    %pushi/vec4 255, 0, 32;
    %store/vec4 v0x55a63237cad0_0, 0, 32;
    %pushi/vec4 4, 0, 4;
    %store/vec4 v0x55a63237cc60_0, 0, 4;
    %pushi/vec4 51, 0, 7;
    %store/vec4 v0x55a63237cd30_0, 0, 7;
    %delay 5, 0;
    %vpi_call 2 120 "$finish" {0 0 0};
    %end;
    .thread T_7;
# The file index is used to find the file name in the following table.
:file_names 5;
    "N/A";
    "<interactive>";
    "alu_sim.v";
    "../verilog/alu_control.v";
    "../verilog/alu.v";
